#
# A fatal error has been detected by the Java Runtime Environment:
#
#  SIGSEGV (0xb) at pc=0x00007f841a3be891, pid=30473, tid=0x00007f841baa5700
#
# JRE version: OpenJDK Runtime Environment (8.0_152-b01) (build 1.8.0_152-release-915-b01)
# Java VM: OpenJDK 64-Bit Server VM (25.152-b01 mixed mode linux-amd64 compressed oops)
# Problematic frame:
# V  [libjvm.so+0x424891]  ClassFileParser::skip_over_field_signature(char*, bool, unsigned int, Thread*)+0x1a1
#
# Failed to write core dump. Core dumps have been disabled. To enable core dumping, try "ulimit -c unlimited" before starting Java again
#
# If you would like to submit a bug report, please visit:
#   http://bugreport.java.com/bugreport/crash.jsp
#

---------------  T H R E A D  ---------------

Current thread (0x00007f8414012800):  JavaThread "main" [_thread_in_vm, id=30474, stack(0x00007f841b9a5000,0x00007f841baa6000)]

siginfo: si_signo: 11 (SIGSEGV), si_code: 128 (SI_KERNEL), si_addr: 0x0000000000000000

Registers:
RAX=0x0000000000000021, RBX=0x00007f841baa0381, RCX=0x0000000000000023, RDX=0x0000000000000000
RSP=0x00007f841baa02f0, RBP=0x00007f841baa0320, RSI=0x00007f841baa0361, RDI=0x00007f841baa0b40
R8 =0x00007f8414012800, R9 =0x000000000000003b, R10=0x0000000000000000, R11=0x000000000000042e
R12=0x00007f841baa0384, R13=0x00007f841a9cb0bc, R14=0x00007f841baa0b40, R15=0x0000000000000023
RIP=0x00007f841a3be891, EFLAGS=0x0000000000010246, CSGSFS=0x002b000000000033, ERR=0x0000000000000000
  TRAPNO=0x000000000000000d

Top of Stack: (sp=0x00007f841baa02f0)
0x00007f841baa02f0:   00007f84140f62b0 00007f8414012800
0x00007f841baa0300:   00007f8414012800 00007f841baa0b40
0x00007f841baa0310:   00007f841461d8c0 00007f841461dbd0
0x00007f841baa0320:   00007f841baa0420 00007f841a3bebb2
0x00007f841baa0330:   00007f841baa0370 00007f841a77e111
0x00007f841baa0340:   0000000000000000 00007f83f5044f50
0x00007f841baa0350:   0000000000000001 00007f841baa0361
0x00007f841baa0360:   6165722f6f694c28 662f786576697463
0x00007f841baa0370:   736e6f6974636e75 656d75736e6f432f
0x00007f841baa0380:   00007f0056293b72 0000000100000730
0x00007f841baa0390:   00007f83d408a690 0000000000000016
0x00007f841baa03a0:   0000000000000016 0000000000000000
0x00007f841baa03b0:   00007f841464289a 00007f841baa0b40
0x00007f841baa03c0:   00007f841baa0420 00007f841a3b3d55
0x00007f841baa03d0:   00007f841baa0730 0000040100000000
0x00007f841baa03e0:   00007f83f5044f00 72c29029fd97e000
0x00007f841baa03f0:   00007f83d408a690 00007f841baa0b40
0x00007f841baa0400:   00007f8414012800 00007f8414011100
0x00007f841baa0410:   00007f841baa0730 00007f841baa0d20
0x00007f841baa0420:   00007f841baa06e0 00007f841a3c375b
0x00007f841baa0430:   0000000000000000 00007f8300000000
0x00007f841baa0440:   0000000000000000 0000000000000000
0x00007f841baa0450:   0000000000000000 00007f8400000000
0x00007f841baa0460:   0000000000000000 0000000000000000
0x00007f841baa0470:   0000000000000000 00007f8400000000
0x00007f841baa0480:   00007f8414012800 00007f841400e130
0x00007f841baa0490:   00007f83d4089290 000000451a3c6a39
0x00007f841baa04a0:   00007f841baa0610 00007f841baa05f0
0x00007f841baa04b0:   00007f841baa0600 00007f841baa0620
0x00007f841baa04c0:   0000000000002088 0000000000000000
0x00007f841baa04d0:   0000000000000000 0000000000000000
0x00007f841baa04e0:   0000000000000000 0000000000000000 

Instructions: (pc=0x00007f841a3be891)
0x00007f841a3be871:   83 78 08 00 0f 84 e4 fe ff ff 31 c0 e9 00 ff ff
0x00007f841a3be881:   ff 66 0f 1f 44 00 00 80 3b 3b 0f 85 ef fe ff ff
0x00007f841a3be891:   48 83 c4 10 48 8d 43 01 5b 41 5c 41 5d 41 5e 5d
0x00007f841a3be8a1:   c3 31 c0 c3 90 66 2e 0f 1f 84 00 00 00 00 00 55 

Register to memory mapping:

RAX=0x0000000000000021 is an unknown value
RBX=0x00007f841baa0381 is pointing into the stack for thread: 0x00007f8414012800
RCX=0x0000000000000023 is an unknown value
RDX=0x0000000000000000 is an unknown value
RSP=0x00007f841baa02f0 is pointing into the stack for thread: 0x00007f8414012800
RBP=0x00007f841baa0320 is pointing into the stack for thread: 0x00007f8414012800
RSI=0x00007f841baa0361 is pointing into the stack for thread: 0x00007f8414012800
RDI=0x00007f841baa0b40 is pointing into the stack for thread: 0x00007f8414012800
R8 =0x00007f8414012800 is a thread
R9 =0x000000000000003b is an unknown value
R10=0x0000000000000000 is an unknown value
R11=0x000000000000042e is an unknown value
R12=0x00007f841baa0384 is pointing into the stack for thread: 0x00007f8414012800
R13=0x00007f841a9cb0bc: <offset 0xa310bc> in /home/haolek/Downloads/Program/android-studio/jre/jre/lib/amd64/server/libjvm.so at 0x00007f8419f9a000
R14=0x00007f841baa0b40 is pointing into the stack for thread: 0x00007f8414012800
R15=0x0000000000000023 is an unknown value


Stack: [0x00007f841b9a5000,0x00007f841baa6000],  sp=0x00007f841baa02f0,  free space=1004k
Native frames: (J=compiled Java code, j=interpreted, Vv=VM code, C=native code)
V  [libjvm.so+0x424891]  ClassFileParser::skip_over_field_signature(char*, bool, unsigned int, Thread*)+0x1a1
V  [libjvm.so+0x424bb2]  ClassFileParser::verify_legal_method_signature(Symbol*, Symbol*, Thread*)+0xc2
V  [libjvm.so+0x42975b]  ClassFileParser::parse_method(bool, AccessFlags*, Thread*)+0x154b
V  [libjvm.so+0x42a1db]  ClassFileParser::parse_methods(bool, AccessFlags*, bool*, bool*, Thread*)+0x19b
V  [libjvm.so+0x42b4bb]  ClassFileParser::parseClassFile(Symbol*, ClassLoaderData*, Handle, KlassHandle, GrowableArray<Handle>*, TempNewSymbol&, bool, Thread*)+0xefb
V  [libjvm.so+0x966506]  SystemDictionary::resolve_from_stream(Symbol*, Handle, Handle, ClassFileStream*, bool, Thread*)+0x126
V  [libjvm.so+0x66b5bc]  jvm_define_class_common(JNIEnv_*, char const*, _jobject*, signed char const*, int, _jobject*, char const*, unsigned char, Thread*)+0x27c
V  [libjvm.so+0x66d02b]  JVM_DefineClassWithSource+0x9b
C  [libjava.so+0xf095]  Java_java_lang_ClassLoader_defineClass1+0x165
J 889  java.lang.ClassLoader.defineClass1(Ljava/lang/String;[BIILjava/security/ProtectionDomain;Ljava/lang/String;)Ljava/lang/Class; (0 bytes) @ 0x00007f840533e8cb [0x00007f840533e7c0+0x10b]
j  java.lang.ClassLoader.defineClass(Ljava/lang/String;[BIILjava/security/ProtectionDomain;)Ljava/lang/Class;+27
J 718 C1 java.net.URLClassLoader.defineClass(Ljava/lang/String;Lsun/misc/Resource;)Ljava/lang/Class; (142 bytes) @ 0x00007f84052e708c [0x00007f84052e5540+0x1b4c]
J 370 C1 java.net.URLClassLoader$1.run()Ljava/lang/Class; (63 bytes) @ 0x00007f84051fbe0c [0x00007f84051fbb60+0x2ac]
J 302 C1 java.net.URLClassLoader$1.run()Ljava/lang/Object; (5 bytes) @ 0x00007f84051c92cc [0x00007f84051c9240+0x8c]
v  ~StubRoutines::call_stub
V  [libjvm.so+0x62c3aa]  JavaCalls::call_helper(JavaValue*, methodHandle*, JavaCallArguments*, Thread*)+0xeea
V  [libjvm.so+0x67906b]  JVM_DoPrivileged+0x54b
J 246  java.security.AccessController.doPrivileged(Ljava/security/PrivilegedExceptionAction;Ljava/security/AccessControlContext;)Ljava/lang/Object; (0 bytes) @ 0x00007f8405191c95 [0x00007f8405191bc0+0xd5]
J 301 C1 java.net.URLClassLoader.findClass(Ljava/lang/String;)Ljava/lang/Class; (47 bytes) @ 0x00007f84051c8a44 [0x00007f84051c88c0+0x184]
J 282 C1 java.lang.ClassLoader.loadClass(Ljava/lang/String;Z)Ljava/lang/Class; (122 bytes) @ 0x00007f84051bf89c [0x00007f84051bef40+0x95c]
J 669 C1 sun.misc.Launcher$AppClassLoader.loadClass(Ljava/lang/String;Z)Ljava/lang/Class; (85 bytes) @ 0x00007f84052c6c44 [0x00007f84052c62c0+0x984]
J 450 C1 java.lang.ClassLoader.loadClass(Ljava/lang/String;)Ljava/lang/Class; (7 bytes) @ 0x00007f8405231ec4 [0x00007f8405231dc0+0x104]
v  ~StubRoutines::call_stub
V  [libjvm.so+0x62c3aa]  JavaCalls::call_helper(JavaValue*, methodHandle*, JavaCallArguments*, Thread*)+0xeea
V  [libjvm.so+0x629a84]  JavaCalls::call_virtual(JavaValue*, KlassHandle, Symbol*, Symbol*, JavaCallArguments*, Thread*)+0x2a4
V  [libjvm.so+0x62a0d6]  JavaCalls::call_virtual(JavaValue*, Handle, KlassHandle, Symbol*, Symbol*, Handle, Thread*)+0x56
V  [libjvm.so+0x964518]  SystemDictionary::load_instance_class(Symbol*, Handle, Thread*)+0x3a8
V  [libjvm.so+0x964ed7]  SystemDictionary::resolve_instance_class_or_null(Symbol*, Handle, Handle, Thread*)+0x9a7
V  [libjvm.so+0x965338]  SystemDictionary::resolve_or_fail(Symbol*, Handle, Handle, bool, Thread*)+0x28
V  [libjvm.so+0x4aff46]  ConstantPool::klass_at_impl(constantPoolHandle, int, Thread*)+0x1e6
V  [libjvm.so+0x623755]  InterpreterRuntime::ldc(JavaThread*, bool)+0x145
j  retrofit2.adapter.rxjava2.RxJava2CallAdapterFactory.get(Ljava/lang/reflect/Type;[Ljava/lang/annotation/Annotation;Lretrofit2/Retrofit;)Lretrofit2/CallAdapter;+39
j  retrofit2.Retrofit.nextCallAdapter(Lretrofit2/CallAdapter$Factory;Ljava/lang/reflect/Type;[Ljava/lang/annotation/Annotation;)Lretrofit2/CallAdapter;+67
j  retrofit2.Retrofit.callAdapter(Ljava/lang/reflect/Type;[Ljava/lang/annotation/Annotation;)Lretrofit2/CallAdapter;+4
j  retrofit2.ServiceMethod$Builder.createCallAdapter()Lretrofit2/CallAdapter;+62
j  retrofit2.ServiceMethod$Builder.build()Lretrofit2/ServiceMethod;+2
j  retrofit2.Retrofit.loadServiceMethod(Ljava/lang/reflect/Method;)Lretrofit2/ServiceMethod;+54
j  retrofit2.Retrofit$1.invoke(Ljava/lang/Object;Ljava/lang/reflect/Method;[Ljava/lang/Object;)Ljava/lang/Object;+47
j  com.sun.proxy.$Proxy9.getUserInfo(Ljava/lang/String;)Lio/reactivex/Single;+16
j  vn.asiantech.way.api.GetUserInfoTest.Given mock response - When request getUserInfo - Then return user object()V+32
v  ~StubRoutines::call_stub
V  [libjvm.so+0x62c3aa]  JavaCalls::call_helper(JavaValue*, methodHandle*, JavaCallArguments*, Thread*)+0xeea
V  [libjvm.so+0x8cd3a2]  Reflection::invoke(instanceKlassHandle, methodHandle, Handle, bool, objArrayHandle, BasicType, objArrayHandle, bool, Thread*)+0x752
V  [libjvm.so+0x8cdd24]  Reflection::invoke_method(oopDesc*, Handle, objArrayHandle, Thread*)+0x184
V  [libjvm.so+0x675f40]  JVM_InvokeMethod+0x180
j  sun.reflect.NativeMethodAccessorImpl.invoke0(Ljava/lang/reflect/Method;Ljava/lang/Object;[Ljava/lang/Object;)Ljava/lang/Object;+0
j  sun.reflect.NativeMethodAccessorImpl.invoke(Ljava/lang/Object;[Ljava/lang/Object;)Ljava/lang/Object;+100
j  sun.reflect.DelegatingMethodAccessorImpl.invoke(Ljava/lang/Object;[Ljava/lang/Object;)Ljava/lang/Object;+6
j  java.lang.reflect.Method.invoke(Ljava/lang/Object;[Ljava/lang/Object;)Ljava/lang/Object;+56
j  org.junit.runners.model.FrameworkMethod$1.runReflectiveCall()Ljava/lang/Object;+15
j  org.junit.internal.runners.model.ReflectiveCallable.run()Ljava/lang/Object;+1
j  org.junit.runners.model.FrameworkMethod.invokeExplosively(Ljava/lang/Object;[Ljava/lang/Object;)Ljava/lang/Object;+10
j  org.junit.internal.runners.statements.InvokeMethod.evaluate()V+12
j  org.junit.internal.runners.statements.RunBefores.evaluate()V+49
j  org.junit.internal.runners.statements.RunAfters.evaluate()V+12
j  org.junit.runners.ParentRunner.runLeaf(Lorg/junit/runners/model/Statement;Lorg/junit/runner/Description;Lorg/junit/runner/notification/RunNotifier;)V+17
j  org.junit.runners.BlockJUnit4ClassRunner.runChild(Lorg/junit/runners/model/FrameworkMethod;Lorg/junit/runner/notification/RunNotifier;)V+30
j  org.junit.runners.BlockJUnit4ClassRunner.runChild(Ljava/lang/Object;Lorg/junit/runner/notification/RunNotifier;)V+6
j  org.junit.runners.ParentRunner$3.run()V+12
j  org.junit.runners.ParentRunner$1.schedule(Ljava/lang/Runnable;)V+1
j  org.junit.runners.ParentRunner.runChildren(Lorg/junit/runner/notification/RunNotifier;)V+44
j  org.junit.runners.ParentRunner.access$000(Lorg/junit/runners/ParentRunner;Lorg/junit/runner/notification/RunNotifier;)V+2
j  org.junit.runners.ParentRunner$2.evaluate()V+8
j  org.junit.runners.ParentRunner.run(Lorg/junit/runner/notification/RunNotifier;)V+20
j  org.junit.runner.JUnitCore.run(Lorg/junit/runner/Runner;)Lorg/junit/runner/Result;+37
j  com.intellij.junit4.JUnit4IdeaTestRunner.startRunnerWithArgs([Ljava/lang/String;Ljava/lang/String;IZ)I+146
j  com.intellij.rt.execution.junit.IdeaTestRunner$Repeater.startRunnerWithArgs(Lcom/intellij/rt/execution/junit/IdeaTestRunner;[Ljava/lang/String;Ljava/util/ArrayList;Ljava/lang/String;IZ)I+20
j  com.intellij.rt.execution.junit.JUnitStarter.prepareStreamsAndStart([Ljava/lang/String;Ljava/lang/String;Ljava/util/ArrayList;Ljava/lang/String;)I+116
j  com.intellij.rt.execution.junit.JUnitStarter.main([Ljava/lang/String;)V+116
v  ~StubRoutines::call_stub
V  [libjvm.so+0x62c3aa]  JavaCalls::call_helper(JavaValue*, methodHandle*, JavaCallArguments*, Thread*)+0xeea
V  [libjvm.so+0x8cd3a2]  Reflection::invoke(instanceKlassHandle, methodHandle, Handle, bool, objArrayHandle, BasicType, objArrayHandle, bool, Thread*)+0x752
V  [libjvm.so+0x8cdd24]  Reflection::invoke_method(oopDesc*, Handle, objArrayHandle, Thread*)+0x184
V  [libjvm.so+0x675f40]  JVM_InvokeMethod+0x180
j  sun.reflect.NativeMethodAccessorImpl.invoke0(Ljava/lang/reflect/Method;Ljava/lang/Object;[Ljava/lang/Object;)Ljava/lang/Object;+0
j  sun.reflect.NativeMethodAccessorImpl.invoke(Ljava/lang/Object;[Ljava/lang/Object;)Ljava/lang/Object;+100
j  sun.reflect.DelegatingMethodAccessorImpl.invoke(Ljava/lang/Object;[Ljava/lang/Object;)Ljava/lang/Object;+6
j  java.lang.reflect.Method.invoke(Ljava/lang/Object;[Ljava/lang/Object;)Ljava/lang/Object;+56
j  com.intellij.rt.execution.application.AppMainV2.main([Ljava/lang/String;)V+184
v  ~StubRoutines::call_stub
V  [libjvm.so+0x62c3aa]  JavaCalls::call_helper(JavaValue*, methodHandle*, JavaCallArguments*, Thread*)+0xeea
V  [libjvm.so+0x63d1aa]  jni_invoke_static(JNIEnv_*, JavaValue*, _jobject*, JNICallType, _jmethodID*, JNI_ArgumentPusher*, Thread*) [clone .isra.200]+0x2fa
V  [libjvm.so+0x64dcde]  jni_CallStaticVoidMethod+0x16e
C  [libjli.so+0x8149]  JavaMain+0xa09
C  [libpthread.so.0+0x76ba]  start_thread+0xca

Java frames: (J=compiled Java code, j=interpreted, Vv=VM code)
J 889  java.lang.ClassLoader.defineClass1(Ljava/lang/String;[BIILjava/security/ProtectionDomain;Ljava/lang/String;)Ljava/lang/Class; (0 bytes) @ 0x00007f840533e851 [0x00007f840533e7c0+0x91]
j  java.lang.ClassLoader.defineClass(Ljava/lang/String;[BIILjava/security/ProtectionDomain;)Ljava/lang/Class;+27
J 718 C1 java.net.URLClassLoader.defineClass(Ljava/lang/String;Lsun/misc/Resource;)Ljava/lang/Class; (142 bytes) @ 0x00007f84052e708c [0x00007f84052e5540+0x1b4c]
J 370 C1 java.net.URLClassLoader$1.run()Ljava/lang/Class; (63 bytes) @ 0x00007f84051fbe0c [0x00007f84051fbb60+0x2ac]
J 302 C1 java.net.URLClassLoader$1.run()Ljava/lang/Object; (5 bytes) @ 0x00007f84051c92cc [0x00007f84051c9240+0x8c]
v  ~StubRoutines::call_stub
J 246  java.security.AccessController.doPrivileged(Ljava/security/PrivilegedExceptionAction;Ljava/security/AccessControlContext;)Ljava/lang/Object; (0 bytes) @ 0x00007f8405191c23 [0x00007f8405191bc0+0x63]
J 301 C1 java.net.URLClassLoader.findClass(Ljava/lang/String;)Ljava/lang/Class; (47 bytes) @ 0x00007f84051c8a44 [0x00007f84051c88c0+0x184]
J 282 C1 java.lang.ClassLoader.loadClass(Ljava/lang/String;Z)Ljava/lang/Class; (122 bytes) @ 0x00007f84051bf89c [0x00007f84051bef40+0x95c]
J 669 C1 sun.misc.Launcher$AppClassLoader.loadClass(Ljava/lang/String;Z)Ljava/lang/Class; (85 bytes) @ 0x00007f84052c6c44 [0x00007f84052c62c0+0x984]
J 450 C1 java.lang.ClassLoader.loadClass(Ljava/lang/String;)Ljava/lang/Class; (7 bytes) @ 0x00007f8405231ec4 [0x00007f8405231dc0+0x104]
v  ~StubRoutines::call_stub
j  retrofit2.adapter.rxjava2.RxJava2CallAdapterFactory.get(Ljava/lang/reflect/Type;[Ljava/lang/annotation/Annotation;Lretrofit2/Retrofit;)Lretrofit2/CallAdapter;+39
j  retrofit2.Retrofit.nextCallAdapter(Lretrofit2/CallAdapter$Factory;Ljava/lang/reflect/Type;[Ljava/lang/annotation/Annotation;)Lretrofit2/CallAdapter;+67
j  retrofit2.Retrofit.callAdapter(Ljava/lang/reflect/Type;[Ljava/lang/annotation/Annotation;)Lretrofit2/CallAdapter;+4
j  retrofit2.ServiceMethod$Builder.createCallAdapter()Lretrofit2/CallAdapter;+62
j  retrofit2.ServiceMethod$Builder.build()Lretrofit2/ServiceMethod;+2
j  retrofit2.Retrofit.loadServiceMethod(Ljava/lang/reflect/Method;)Lretrofit2/ServiceMethod;+54
j  retrofit2.Retrofit$1.invoke(Ljava/lang/Object;Ljava/lang/reflect/Method;[Ljava/lang/Object;)Ljava/lang/Object;+47
j  com.sun.proxy.$Proxy9.getUserInfo(Ljava/lang/String;)Lio/reactivex/Single;+16
j  vn.asiantech.way.api.GetUserInfoTest.Given mock response - When request getUserInfo - Then return user object()V+32
v  ~StubRoutines::call_stub
j  sun.reflect.NativeMethodAccessorImpl.invoke0(Ljava/lang/reflect/Method;Ljava/lang/Object;[Ljava/lang/Object;)Ljava/lang/Object;+0
j  sun.reflect.NativeMethodAccessorImpl.invoke(Ljava/lang/Object;[Ljava/lang/Object;)Ljava/lang/Object;+100
j  sun.reflect.DelegatingMethodAccessorImpl.invoke(Ljava/lang/Object;[Ljava/lang/Object;)Ljava/lang/Object;+6
j  java.lang.reflect.Method.invoke(Ljava/lang/Object;[Ljava/lang/Object;)Ljava/lang/Object;+56
j  org.junit.runners.model.FrameworkMethod$1.runReflectiveCall()Ljava/lang/Object;+15
j  org.junit.internal.runners.model.ReflectiveCallable.run()Ljava/lang/Object;+1
j  org.junit.runners.model.FrameworkMethod.invokeExplosively(Ljava/lang/Object;[Ljava/lang/Object;)Ljava/lang/Object;+10
j  org.junit.internal.runners.statements.InvokeMethod.evaluate()V+12
j  org.junit.internal.runners.statements.RunBefores.evaluate()V+49
j  org.junit.internal.runners.statements.RunAfters.evaluate()V+12
j  org.junit.runners.ParentRunner.runLeaf(Lorg/junit/runners/model/Statement;Lorg/junit/runner/Description;Lorg/junit/runner/notification/RunNotifier;)V+17
j  org.junit.runners.BlockJUnit4ClassRunner.runChild(Lorg/junit/runners/model/FrameworkMethod;Lorg/junit/runner/notification/RunNotifier;)V+30
j  org.junit.runners.BlockJUnit4ClassRunner.runChild(Ljava/lang/Object;Lorg/junit/runner/notification/RunNotifier;)V+6
j  org.junit.runners.ParentRunner$3.run()V+12
j  org.junit.runners.ParentRunner$1.schedule(Ljava/lang/Runnable;)V+1
j  org.junit.runners.ParentRunner.runChildren(Lorg/junit/runner/notification/RunNotifier;)V+44
j  org.junit.runners.ParentRunner.access$000(Lorg/junit/runners/ParentRunner;Lorg/junit/runner/notification/RunNotifier;)V+2
j  org.junit.runners.ParentRunner$2.evaluate()V+8
j  org.junit.runners.ParentRunner.run(Lorg/junit/runner/notification/RunNotifier;)V+20
j  org.junit.runner.JUnitCore.run(Lorg/junit/runner/Runner;)Lorg/junit/runner/Result;+37
j  com.intellij.junit4.JUnit4IdeaTestRunner.startRunnerWithArgs([Ljava/lang/String;Ljava/lang/String;IZ)I+146
j  com.intellij.rt.execution.junit.IdeaTestRunner$Repeater.startRunnerWithArgs(Lcom/intellij/rt/execution/junit/IdeaTestRunner;[Ljava/lang/String;Ljava/util/ArrayList;Ljava/lang/String;IZ)I+20
j  com.intellij.rt.execution.junit.JUnitStarter.prepareStreamsAndStart([Ljava/lang/String;Ljava/lang/String;Ljava/util/ArrayList;Ljava/lang/String;)I+116
j  com.intellij.rt.execution.junit.JUnitStarter.main([Ljava/lang/String;)V+116
v  ~StubRoutines::call_stub
j  sun.reflect.NativeMethodAccessorImpl.invoke0(Ljava/lang/reflect/Method;Ljava/lang/Object;[Ljava/lang/Object;)Ljava/lang/Object;+0
j  sun.reflect.NativeMethodAccessorImpl.invoke(Ljava/lang/Object;[Ljava/lang/Object;)Ljava/lang/Object;+100
j  sun.reflect.DelegatingMethodAccessorImpl.invoke(Ljava/lang/Object;[Ljava/lang/Object;)Ljava/lang/Object;+6
j  java.lang.reflect.Method.invoke(Ljava/lang/Object;[Ljava/lang/Object;)Ljava/lang/Object;+56
j  com.intellij.rt.execution.application.AppMainV2.main([Ljava/lang/String;)V+184
v  ~StubRoutines::call_stub

---------------  P R O C E S S  ---------------

Java Threads: ( => current thread )
  0x00007f84145f0000 JavaThread "ForkJoinPool.commonPool-worker-1" daemon [_thread_blocked, id=30495, stack(0x00007f83f4de9000,0x00007f83f4eea000)]
  0x00007f8414576800 JavaThread "MockWebServer 59455" [_thread_in_native, id=30494, stack(0x00007f83f5118000,0x00007f83f5219000)]
  0x00007f8414115800 JavaThread "Monitor Ctrl-Break" daemon [_thread_in_native, id=30488, stack(0x00007f83f5baa000,0x00007f83f5cab000)]
  0x00007f84140d1000 JavaThread "Service Thread" daemon [_thread_blocked, id=30486, stack(0x00007f83f5dac000,0x00007f83f5ead000)]
  0x00007f84140c5800 JavaThread "C1 CompilerThread2" daemon [_thread_blocked, id=30485, stack(0x00007f83f5ead000,0x00007f83f5fae000)]
  0x00007f84140c4000 JavaThread "C2 CompilerThread1" daemon [_thread_blocked, id=30484, stack(0x00007f83f5fae000,0x00007f83f60af000)]
  0x00007f84140c1000 JavaThread "C2 CompilerThread0" daemon [_thread_blocked, id=30483, stack(0x00007f83f60af000,0x00007f83f61b0000)]
  0x00007f84140bf800 JavaThread "Signal Dispatcher" daemon [_thread_blocked, id=30482, stack(0x00007f83f61b0000,0x00007f83f62b1000)]
  0x00007f841408c000 JavaThread "Finalizer" daemon [_thread_blocked, id=30481, stack(0x00007f83f6dee000,0x00007f83f6eef000)]
  0x00007f8414087800 JavaThread "Reference Handler" daemon [_thread_blocked, id=30480, stack(0x00007f83f6eef000,0x00007f83f6ff0000)]
=>0x00007f8414012800 JavaThread "main" [_thread_in_vm, id=30474, stack(0x00007f841b9a5000,0x00007f841baa6000)]

Other Threads:
  0x00007f8414080000 VMThread [stack: 0x00007f83f6ff0000,0x00007f83f70f1000] [id=30479]
  0x00007f84140d3800 WatcherThread [stack: 0x00007f83f5cab000,0x00007f83f5dac000] [id=30487]

VM state:not at safepoint (normal execution)

VM Mutex/Monitor currently owned by a thread: None

Heap:
 PSYoungGen      total 36864K, used 21372K [0x00000000d6e00000, 0x00000000d9700000, 0x0000000100000000)
  eden space 31744K, 57% used [0x00000000d6e00000,0x00000000d7fdacb8,0x00000000d8d00000)
  from space 5120K, 60% used [0x00000000d8d00000,0x00000000d90044a0,0x00000000d9200000)
  to   space 5120K, 0% used [0x00000000d9200000,0x00000000d9200000,0x00000000d9700000)
 ParOldGen       total 84992K, used 8K [0x0000000084a00000, 0x0000000089d00000, 0x00000000d6e00000)
  object space 84992K, 0% used [0x0000000084a00000,0x0000000084a02000,0x0000000089d00000)
 Metaspace       used 10630K, capacity 10866K, committed 11136K, reserved 1058816K
  class space    used 1179K, capacity 1293K, committed 1408K, reserved 1048576K

Card table byte_map: [0x00007f8418450000,0x00007f841882c000] byte_map_base: 0x00007f841802b000

Marking Bits: (ParMarkBitMap*) 0x00007f841ae6f3e0
 Begin Bits: [0x00007f83fc250000, 0x00007f83fe128000)
 End Bits:   [0x00007f83fe128000, 0x00007f8400000000)

Polling page: 0x00007f841bac2000

CodeCache: size=245760Kb used=3383Kb max_used=3384Kb free=242376Kb
 bounds [0x00007f8405000000, 0x00007f8405360000, 0x00007f8414000000]
 total_blobs=1261 nmethods=905 adapters=271
 compilation: enabled

Compilation events (10 events):
Event: 1,141 Thread 0x00007f84140c5800  901       3       java.util.jar.JarEntry::<init> (6 bytes)
Event: 1,141 Thread 0x00007f84140c5800 nmethod 901 0x00007f840534ea10 code [0x00007f840534eb80, 0x00007f840534ed08]
Event: 1,141 Thread 0x00007f84140c1000  902       4       java.util.jar.JarFile::getEntry (22 bytes)
Event: 1,143 Thread 0x00007f84140c5800  903       3       java.net.URLStreamHandler::sameFile (136 bytes)
Event: 1,143 Thread 0x00007f84140c1000 nmethod 902 0x00007f840534d150 code [0x00007f840534d2a0, 0x00007f840534d448]
Event: 1,144 Thread 0x00007f84140c5800 nmethod 903 0x00007f840534d610 code [0x00007f840534d800, 0x00007f840534e7e8]
Event: 1,144 Thread 0x00007f84140c5800  904       3       sun.net.www.protocol.file.Handler::hostsEqual (69 bytes)
Event: 1,144 Thread 0x00007f84140c5800 nmethod 904 0x00007f840534c690 code [0x00007f840534c860, 0x00007f840534cfa8]
Event: 1,144 Thread 0x00007f84140c5800  905       3       java.net.URLStreamHandler::hostsEqual (75 bytes)
Event: 1,145 Thread 0x00007f84140c5800 nmethod 905 0x00007f840534fc10 code [0x00007f840534fde0, 0x00007f8405350758]

GC Heap History (2 events):
Event: 0,925 GC heap before
{Heap before GC invocations=1 (full 0):
 PSYoungGen      total 36864K, used 31744K [0x00000000d6e00000, 0x00000000d9700000, 0x0000000100000000)
  eden space 31744K, 100% used [0x00000000d6e00000,0x00000000d8d00000,0x00000000d8d00000)
  from space 5120K, 0% used [0x00000000d9200000,0x00000000d9200000,0x00000000d9700000)
  to   space 5120K, 0% used [0x00000000d8d00000,0x00000000d8d00000,0x00000000d9200000)
 ParOldGen       total 84992K, used 0K [0x0000000084a00000, 0x0000000089d00000, 0x00000000d6e00000)
  object space 84992K, 0% used [0x0000000084a00000,0x0000000084a00000,0x0000000089d00000)
 Metaspace       used 7297K, capacity 7470K, committed 7552K, reserved 1056768K
  class space    used 807K, capacity 863K, committed 896K, reserved 1048576K
Event: 0,930 GC heap after
Heap after GC invocations=1 (full 0):
 PSYoungGen      total 36864K, used 3089K [0x00000000d6e00000, 0x00000000d9700000, 0x0000000100000000)
  eden space 31744K, 0% used [0x00000000d6e00000,0x00000000d6e00000,0x00000000d8d00000)
  from space 5120K, 60% used [0x00000000d8d00000,0x00000000d90044a0,0x00000000d9200000)
  to   space 5120K, 0% used [0x00000000d9200000,0x00000000d9200000,0x00000000d9700000)
 ParOldGen       total 84992K, used 8K [0x0000000084a00000, 0x0000000089d00000, 0x00000000d6e00000)
  object space 84992K, 0% used [0x0000000084a00000,0x0000000084a02000,0x0000000089d00000)
 Metaspace       used 7297K, capacity 7470K, committed 7552K, reserved 1056768K
  class space    used 807K, capacity 863K, committed 896K, reserved 1048576K
}

Deoptimization events (10 events):
Event: 1,026 Thread 0x00007f8414012800 Uncommon trap: reason=class_check action=maybe_recompile pc=0x00007f84052d1d78 method=java.io.DataInputStream.readInt()I @ 4
Event: 1,026 Thread 0x00007f8414012800 Uncommon trap: reason=class_check action=maybe_recompile pc=0x00007f84052d1d78 method=java.io.DataInputStream.readInt()I @ 4
Event: 1,026 Thread 0x00007f8414012800 Uncommon trap: reason=class_check action=maybe_recompile pc=0x00007f84052d1d78 method=java.io.DataInputStream.readInt()I @ 4
Event: 1,056 Thread 0x00007f8414012800 Uncommon trap: reason=unstable_if action=reinterpret pc=0x00007f84052ed314 method=java.lang.String.substring(I)Ljava/lang/String; @ 35
Event: 1,109 Thread 0x00007f8414012800 Uncommon trap: reason=unstable_if action=reinterpret pc=0x00007f84052eefe4 method=java.util.Arrays.equals([B[B)Z @ 2
Event: 1,123 Thread 0x00007f8414012800 Uncommon trap: reason=bimorphic action=maybe_recompile pc=0x00007f84052f2b2c method=java.lang.ThreadLocal.get()Ljava/lang/Object; @ 6
Event: 1,123 Thread 0x00007f8414012800 Uncommon trap: reason=bimorphic action=maybe_recompile pc=0x00007f84052f2b2c method=java.lang.ThreadLocal.get()Ljava/lang/Object; @ 6
Event: 1,124 Thread 0x00007f8414012800 Uncommon trap: reason=bimorphic action=maybe_recompile pc=0x00007f84052f2b2c method=java.lang.ThreadLocal.get()Ljava/lang/Object; @ 6
Event: 1,124 Thread 0x00007f8414012800 Uncommon trap: reason=bimorphic action=maybe_recompile pc=0x00007f84052f2b2c method=java.lang.ThreadLocal.get()Ljava/lang/Object; @ 6
Event: 1,139 Thread 0x00007f8414012800 Uncommon trap: reason=null_assert action=make_not_entrant pc=0x00007f84051d8c34 method=java.util.zip.ZipEntry.<init>(Ljava/util/zip/ZipEntry;)V @ 70

Classes redefined (0 events):
No events

Internal exceptions (10 events):
Event: 0,239 Thread 0x00007f8414012800 Exception <a 'java/security/PrivilegedActionException'> (0x00000000d7378160) thrown at [/ssd/Android/AOSP-openjdk-git/jdk8u/hotspot/src/share/vm/prims/jvm.cpp, line 1390]
Event: 0,239 Thread 0x00007f8414012800 Exception <a 'java/security/PrivilegedActionException'> (0x00000000d737a8f8) thrown at [/ssd/Android/AOSP-openjdk-git/jdk8u/hotspot/src/share/vm/prims/jvm.cpp, line 1390]
Event: 0,239 Thread 0x00007f8414012800 Exception <a 'java/security/PrivilegedActionException'> (0x00000000d737ab08) thrown at [/ssd/Android/AOSP-openjdk-git/jdk8u/hotspot/src/share/vm/prims/jvm.cpp, line 1390]
Event: 0,239 Thread 0x00007f8414012800 Exception <a 'java/security/PrivilegedActionException'> (0x00000000d737b908) thrown at [/ssd/Android/AOSP-openjdk-git/jdk8u/hotspot/src/share/vm/prims/jvm.cpp, line 1390]
Event: 0,239 Thread 0x00007f8414012800 Exception <a 'java/security/PrivilegedActionException'> (0x00000000d737bb18) thrown at [/ssd/Android/AOSP-openjdk-git/jdk8u/hotspot/src/share/vm/prims/jvm.cpp, line 1390]
Event: 1,094 Thread 0x00007f8414012800 Exception <a 'java/lang/NoSuchFieldError': method resolution failed> (0x00000000d7c29f50) thrown at [/ssd/Android/AOSP-openjdk-git/jdk8u/hotspot/src/share/vm/prims/methodHandles.cpp, line 1167]
Event: 1,096 Thread 0x00007f8414012800 Exception <a 'java/lang/NoSuchFieldError': method resolution failed> (0x00000000d7c37640) thrown at [/ssd/Android/AOSP-openjdk-git/jdk8u/hotspot/src/share/vm/prims/methodHandles.cpp, line 1167]
Event: 1,137 Thread 0x00007f8414012800 Exception <a 'java/lang/ArrayIndexOutOfBoundsException'> (0x00000000d7ea5498) thrown at [/ssd/Android/AOSP-openjdk-git/jdk8u/hotspot/src/share/vm/runtime/sharedRuntime.cpp, line 605]
Event: 1,140 Thread 0x00007f8414012800 Exception <a 'java/lang/ArrayIndexOutOfBoundsException'> (0x00000000d7ee0de8) thrown at [/ssd/Android/AOSP-openjdk-git/jdk8u/hotspot/src/share/vm/runtime/sharedRuntime.cpp, line 605]
Event: 1,140 Thread 0x00007f8414012800 Exception <a 'java/lang/ArrayIndexOutOfBoundsException'> (0x00000000d7ee1ee8) thrown at [/ssd/Android/AOSP-openjdk-git/jdk8u/hotspot/src/share/vm/runtime/sharedRuntime.cpp, line 605]

Events (10 events):
Event: 1,140 loading class sun/reflect/generics/reflectiveObjects/LazyReflectiveObjectGenerator done
Event: 1,140 loading class sun/reflect/generics/reflectiveObjects/TypeVariableImpl done
Event: 1,140 loading class io/reactivex/Completable
Event: 1,140 loading class io/reactivex/Completable done
Event: 1,141 loading class io/reactivex/CompletableSource
Event: 1,141 loading class io/reactivex/CompletableSource done
Event: 1,142 loading class io/reactivex/Flowable
Event: 1,142 loading class io/reactivex/Flowable done
Event: 1,144 loading class org/reactivestreams/Publisher
Event: 1,144 loading class org/reactivestreams/Publisher done


Dynamic libraries:
00400000-00401000 r-xp 00000000 08:02 35260195                           /home/haolek/Downloads/Program/android-studio/jre/bin/java
00600000-00601000 r--p 00000000 08:02 35260195                           /home/haolek/Downloads/Program/android-studio/jre/bin/java
00601000-00602000 rw-p 00001000 08:02 35260195                           /home/haolek/Downloads/Program/android-studio/jre/bin/java
00dc3000-00de4000 rw-p 00000000 00:00 0                                  [heap]
84a00000-89d00000 rw-p 00000000 00:00 0 
89d00000-d6e00000 ---p 00000000 00:00 0 
d6e00000-d9700000 rw-p 00000000 00:00 0 
d9700000-100000000 ---p 00000000 00:00 0 
100000000-100160000 rw-p 00000000 00:00 0 
100160000-140000000 ---p 00000000 00:00 0 
7f83b4000000-7f83b4021000 rw-p 00000000 00:00 0 
7f83b4021000-7f83b8000000 ---p 00000000 00:00 0 
7f83bc000000-7f83bc021000 rw-p 00000000 00:00 0 
7f83bc021000-7f83c0000000 ---p 00000000 00:00 0 
7f83c0000000-7f83c0021000 rw-p 00000000 00:00 0 
7f83c0021000-7f83c4000000 ---p 00000000 00:00 0 
7f83c4fff000-7f83c8000000 rw-p 00000000 00:00 0 
7f83c8000000-7f83c8021000 rw-p 00000000 00:00 0 
7f83c8021000-7f83cc000000 ---p 00000000 00:00 0 
7f83cc000000-7f83cc021000 rw-p 00000000 00:00 0 
7f83cc021000-7f83d0000000 ---p 00000000 00:00 0 
7f83d0000000-7f83d01e6000 rw-p 00000000 00:00 0 
7f83d01e6000-7f83d4000000 ---p 00000000 00:00 0 
7f83d4000000-7f83d43da000 rw-p 00000000 00:00 0 
7f83d43da000-7f83d8000000 ---p 00000000 00:00 0 
7f83d8000000-7f83d8021000 rw-p 00000000 00:00 0 
7f83d8021000-7f83dc000000 ---p 00000000 00:00 0 
7f83dc000000-7f83dc46b000 rw-p 00000000 00:00 0 
7f83dc46b000-7f83e0000000 ---p 00000000 00:00 0 
7f83e0000000-7f83e0021000 rw-p 00000000 00:00 0 
7f83e0021000-7f83e4000000 ---p 00000000 00:00 0 
7f83e4000000-7f83e4021000 rw-p 00000000 00:00 0 
7f83e4021000-7f83e8000000 ---p 00000000 00:00 0 
7f83e8000000-7f83e8021000 rw-p 00000000 00:00 0 
7f83e8021000-7f83ec000000 ---p 00000000 00:00 0 
7f83ec000000-7f83ec021000 rw-p 00000000 00:00 0 
7f83ec021000-7f83f0000000 ---p 00000000 00:00 0 
7f83f0000000-7f83f0021000 rw-p 00000000 00:00 0 
7f83f0021000-7f83f4000000 ---p 00000000 00:00 0 
7f83f4de9000-7f83f4dec000 ---p 00000000 00:00 0 
7f83f4dec000-7f83f506a000 rw-p 00000000 00:00 0 
7f83f506a000-7f83f50ea000 ---p 00000000 00:00 0 
7f83f50ea000-7f83f50fc000 r--s 00345000 08:02 35260042                   /home/haolek/Downloads/Program/android-studio/jre/jre/lib/resources.jar
7f83f50fc000-7f83f5118000 r--s 00393000 08:02 35260163                   /home/haolek/Downloads/Program/android-studio/jre/jre/lib/ext/cldrdata.jar
7f83f5118000-7f83f511b000 ---p 00000000 00:00 0 
7f83f511b000-7f83f5219000 rw-p 00000000 00:00 0 
7f83f5219000-7f83f522a000 r-xp 00000000 08:02 35260150                   /home/haolek/Downloads/Program/android-studio/jre/jre/lib/amd64/libnio.so
7f83f522a000-7f83f5429000 ---p 00011000 08:02 35260150                   /home/haolek/Downloads/Program/android-studio/jre/jre/lib/amd64/libnio.so
7f83f5429000-7f83f542a000 r--p 00010000 08:02 35260150                   /home/haolek/Downloads/Program/android-studio/jre/jre/lib/amd64/libnio.so
7f83f542a000-7f83f542b000 rw-p 00011000 08:02 35260150                   /home/haolek/Downloads/Program/android-studio/jre/jre/lib/amd64/libnio.so
7f83f542b000-7f83f5441000 r-xp 00000000 08:02 56758744                   /lib/x86_64-linux-gnu/libgcc_s.so.1
7f83f5441000-7f83f5640000 ---p 00016000 08:02 56758744                   /lib/x86_64-linux-gnu/libgcc_s.so.1
7f83f5640000-7f83f5641000 rw-p 00015000 08:02 56758744                   /lib/x86_64-linux-gnu/libgcc_s.so.1
7f83f5650000-7f83f565a000 r--s 00116000 08:02 35260157                   /home/haolek/Downloads/Program/android-studio/jre/jre/lib/ext/localedata.jar
7f83f565a000-7f83f5690000 r-xp 00000000 08:02 35260136                   /home/haolek/Downloads/Program/android-studio/jre/jre/lib/amd64/libsunec.so
7f83f5690000-7f83f588f000 ---p 00036000 08:02 35260136                   /home/haolek/Downloads/Program/android-studio/jre/jre/lib/amd64/libsunec.so
7f83f588f000-7f83f5894000 r--p 00035000 08:02 35260136                   /home/haolek/Downloads/Program/android-studio/jre/jre/lib/amd64/libsunec.so
7f83f5894000-7f83f5896000 rw-p 0003a000 08:02 35260136                   /home/haolek/Downloads/Program/android-studio/jre/jre/lib/amd64/libsunec.so
7f83f5896000-7f83f58a7000 rw-p 00000000 00:00 0 
7f83f58a7000-7f83f58a9000 r--s 00008000 08:02 35260158                   /home/haolek/Downloads/Program/android-studio/jre/jre/lib/ext/sunec.jar
7f83f58a9000-7f83f58ad000 r--s 00037000 08:02 35260161                   /home/haolek/Downloads/Program/android-studio/jre/jre/lib/ext/sunpkcs11.jar
7f83f58ad000-7f83f58b0000 r--s 00015000 08:02 35260046                   /home/haolek/Downloads/Program/android-studio/jre/jre/lib/jce.jar
7f83f58b0000-7f83f58b5000 r--s 0009a000 08:02 35260065                   /home/haolek/Downloads/Program/android-studio/jre/jre/lib/jsse.jar
7f83f58b5000-7f83f58f1000 r--s 00204000 08:02 38274828                   /home/haolek/Documents/project-way/app/build/generated/mockable-android-26.default-values.v3.jar
7f83f58f1000-7f83f58f3000 r--s 00003000 08:02 35259090                   /home/haolek/Downloads/Program/android-studio/gradle/m2repository/org/jetbrains/annotations/13.0/annotations-13.0.jar
7f83f58f3000-7f83f58f4000 r--s 00006000 08:02 55052995                   /home/haolek/.gradle/caches/transforms-1/files-1.1/firebase-messaging-11.2.2.aar/8e3c91554087700ffdac20ed89b3218c/jars/classes.jar
7f83f58f4000-7f83f58f7000 r--s 0001a000 08:02 23467616                   /home/haolek/.gradle/caches/modules-2/files-2.1/com.squareup.picasso/picasso/2.4.0/f36d2d4e3a36b3259aaf9d004d29b4cdc6c1bfb2/picasso-2.4.0.jar
7f83f58f7000-7f83f58f8000 r--s 0000a000 08:02 54134468                   /home/haolek/.gradle/caches/transforms-1/files-1.1/play-services-gcm-11.2.2.aar/5cf6c327422bba5f1688175e8ca0bd0a/jars/classes.jar
7f83f58f8000-7f83f58fa000 r--s 0000c000 08:02 23468023                   /home/haolek/.gradle/caches/modules-2/files-2.1/org.objenesis/objenesis/2.6/639033469776fd37c08358c6b92a4761feb2af4b/objenesis-2.6.jar
7f83f58fa000-7f83f58fb000 r--s 00001000 08:02 53872269                   /home/haolek/.gradle/caches/transforms-1/files-1.1/firebase-analytics-11.2.2.aar/778774abc5916c6bd041c4486ebad656/jars/classes.jar
7f83f58fb000-7f83f592a000 r--s 001e3000 08:02 23467933                   /home/haolek/.gradle/caches/modules-2/files-2.1/io.reactivex.rxjava2/rxjava/2.1.5/1de589f16cd088be91ca6877cb836529276a6bb2/rxjava-2.1.5.jar
7f83f592a000-7f83f592b000 r--s 00013000 08:02 23465127                   /home/haolek/.gradle/caches/modules-2/files-2.1/com.squareup.okio/okio/1.13.0/a9283170b7305c8d92d25aff02a6ab7e45d06cbe/okio-1.13.0.jar
7f83f592b000-7f83f592e000 r--s 00015000 08:02 46269287                   /home/haolek/.gradle/caches/transforms-1/files-1.1/support-core-utils-26.1.0.aar/548712d39e4dd4931710b4e54bb15c5e/jars/classes.jar
7f83f592e000-7f83f5931000 r--s 00014000 08:02 55182890                   /home/haolek/.gradle/caches/transforms-1/files-1.1/volley-1.0.0.aar/8b8c9f38ddc46d4cabf7358e0ad82cc8/jars/classes.jar
7f83f5931000-7f83f593b000 r--s 00050000 08:02 55182070                   /home/haolek/.gradle/caches/transforms-1/files-1.1/play-services-basement-11.2.2.aar/c54cd6bdbbb2381977435d35ff661e38/jars/classes.jar
7f83f593b000-7f83f593f000 r--s 0002c000 08:02 23467617                   /home/haolek/.gradle/caches/modules-2/files-2.1/io.hypertrack/mqttv3/1.1.2/67041b6980e4d00480ad128b40bb05c706a50f6c/mqttv3-1.1.2-release.jar
7f83f593f000-7f83f5947000 r--s 00045000 08:02 23464425                   /home/haolek/.gradle/caches/modules-2/files-2.1/junit/junit/4.12/2973d150c0dc1fefe998f834810d68f278ea58ec/junit-4.12.jar
7f83f5947000-7f83f5954000 r--s 00097000 08:02 55052711                   /home/haolek/.gradle/caches/transforms-1/files-1.1/android-0.4.8-release.aar/e89d5db52e38f0a92f520be6da59bfde/jars/classes.jar
7f83f5954000-7f83f5992000 r--s 0025e000 08:02 23468833                   /home/haolek/.gradle/caches/modules-2/files-2.1/org.bouncycastle/bcprov-jdk15on/1.50/be504b4901d75cbe129a178f5830e6c358ec214c/bcprov-jdk15on-1.50.jar
7f83f5992000-7f83f59a8000 r-xp 00000000 08:02 35260148                   /home/haolek/Downloads/Program/android-studio/jre/jre/lib/amd64/libnet.so
7f83f59a8000-7f83f5ba8000 ---p 00016000 08:02 35260148                   /home/haolek/Downloads/Program/android-studio/jre/jre/lib/amd64/libnet.so
7f83f5ba8000-7f83f5ba9000 r--p 00016000 08:02 35260148                   /home/haolek/Downloads/Program/android-studio/jre/jre/lib/amd64/libnet.so
7f83f5ba9000-7f83f5baa000 rw-p 00017000 08:02 35260148                   /home/haolek/Downloads/Program/android-studio/jre/jre/lib/amd64/libnet.so
7f83f5baa000-7f83f5bad000 ---p 00000000 00:00 0 
7f83f5bad000-7f83f5cab000 rw-p 00000000 00:00 0 
7f83f5cab000-7f83f5cac000 ---p 00000000 00:00 0 
7f83f5cac000-7f83f5dac000 rw-p 00000000 00:00 0 
7f83f5dac000-7f83f5daf000 ---p 00000000 00:00 0 
7f83f5daf000-7f83f5ead000 rw-p 00000000 00:00 0 
7f83f5ead000-7f83f5eb0000 ---p 00000000 00:00 0 
7f83f5eb0000-7f83f5fae000 rw-p 00000000 00:00 0 
7f83f5fae000-7f83f5fb1000 ---p 00000000 00:00 0 
7f83f5fb1000-7f83f60af000 rw-p 00000000 00:00 0 
7f83f60af000-7f83f60b2000 ---p 00000000 00:00 0 
7f83f60b2000-7f83f61b0000 rw-p 00000000 00:00 0 
7f83f61b0000-7f83f61b3000 ---p 00000000 00:00 0 
7f83f61b3000-7f83f62b1000 rw-p 00000000 00:00 0 
7f83f62b1000-7f83f6dee000 r--p 00000000 08:02 20192038                   /usr/lib/locale/locale-archive
7f83f6dee000-7f83f6df1000 ---p 00000000 00:00 0 
7f83f6df1000-7f83f6eef000 rw-p 00000000 00:00 0 
7f83f6eef000-7f83f6ef2000 ---p 00000000 00:00 0 
7f83f6ef2000-7f83f6ff0000 rw-p 00000000 00:00 0 
7f83f6ff0000-7f83f6ff1000 ---p 00000000 00:00 0 
7f83f6ff1000-7f83f8000000 rw-p 00000000 00:00 0 
7f83f8000000-7f83f8021000 rw-p 00000000 00:00 0 
7f83f8021000-7f83fc000000 ---p 00000000 00:00 0 
7f83fc000000-7f83fc001000 r--s 00007000 08:02 48369065                   /home/haolek/.gradle/caches/transforms-1/files-1.1/support-vector-drawable-26.1.0.aar/7a4cb7ed0b04bdfbc58622849a9483be/jars/classes.jar
7f83fc001000-7f83fc003000 r--s 00001000 08:02 23468815                   /home/haolek/.gradle/caches/modules-2/files-2.1/com.squareup.okhttp3/logging-interceptor/3.9.1/36e71ab9e903fc4d1b4a58d80572a91d9fd60caf/logging-interceptor-3.9.1.jar
7f83fc003000-7f83fc005000 r--s 00004000 08:02 23467942                   /home/haolek/.gradle/caches/modules-2/files-2.1/org.jetbrains.anko/anko-design-coroutines/0.10.2/27999ba41e416df56a2c9dc5022ae5f080dfb767/anko-design-coroutines-0.10.2.jar
7f83fc005000-7f83fc009000 r--s 0001a000 08:02 55181648                   /home/haolek/.gradle/caches/transforms-1/files-1.1/play-services-places-11.2.2.aar/682f5ea8f37b059d381876bef6997650/jars/classes.jar
7f83fc009000-7f83fc00e000 r--s 0003c000 08:02 53348632                   /home/haolek/.gradle/caches/transforms-1/files-1.1/firebase-analytics-impl-11.2.2.aar/f02d11d6ea7e5b0aacd4c24670032726/jars/classes.jar
7f83fc00e000-7f83fc013000 r--s 0002a000 08:02 44829241                   /home/haolek/.gradle/caches/transforms-1/files-1.1/transition-26.1.0.aar/fd6f182fa96193374e8a4b8f76c554d9/jars/classes.jar
7f83fc013000-7f83fc014000 r--s 00004000 08:02 53610945                   /home/haolek/.gradle/caches/transforms-1/files-1.1/firebase-common-11.2.2.aar/94a930c2d7e750ad72dd81427a080dff/jars/classes.jar
7f83fc014000-7f83fc017000 r--s 00039000 08:02 23467935                   /home/haolek/.gradle/caches/modules-2/files-2.1/org.jetbrains.anko/anko-sdk25/0.10.2/3626b8a4a97dc1ffcde5005cd1542209056d4c0a/anko-sdk25-0.10.2.jar
7f83fc017000-7f83fc01b000 r--s 00024000 08:02 23467946                   /home/haolek/.gradle/caches/modules-2/files-2.1/org.jetbrains.anko/anko-commons/0.10.2/ac908e7d142061753e73419673bb543bc63ebfbd/anko-commons-0.10.2.jar
7f83fc01b000-7f83fc02a000 r--s 000c9000 08:02 23467416                   /home/haolek/.gradle/caches/modules-2/files-2.1/org.jetbrains.kotlin/kotlin-stdlib/1.1.4-3/7f07ece855a7d40d5ef430218593e92282ae2a74/kotlin-stdlib-1.1.4-3.jar
7f83fc02a000-7f83fc02b000 r--s 00000000 08:02 54134452                   /home/haolek/.gradle/caches/transforms-1/files-1.1/firebase-core-11.2.2.aar/7f92310a5ecf5774a96e4850f3ff1f19/jars/classes.jar
7f83fc02b000-7f83fc02c000 r--s 00002000 08:02 23465456                   /home/haolek/.gradle/caches/modules-2/files-2.1/android.arch.core/common/1.0.0/a2d487452376193fc8c103dd2b9bd5f2b1b44563/common-1.0.0.jar
7f83fc02c000-7f83fc02d000 r--s 00000000 08:02 23467990                   /home/haolek/.gradle/caches/modules-2/files-2.1/org.mockito/mockito-inline/2.11.0/a8efe5b7094178fabcf91ff868c8d161ff0476f0/mockito-inline-2.11.0.jar
7f83fc02d000-7f83fc03d000 r--s 00095000 08:02 47451410                   /home/haolek/.gradle/caches/transforms-1/files-1.1/support-compat-26.1.0.aar/25eafe198ecd3cb3fc63b03a92a13988/jars/classes.jar
7f83fc03d000-7f83fc03f000 r--s 00009000 08:02 23464426                   /home/haolek/.gradle/caches/modules-2/files-2.1/org.hamcrest/hamcrest-core/1.3/42a25dc3219429f0e5d060061f71acb49bf010a0/hamcrest-core-1.3.jar
7f83fc03f000-7f83fc040000 r--s 00008000 08:02 39194306                   /home/haolek/.gradle/caches/transforms-1/files-1.1/constraint-layout-1.0.2.aar/d47bbeec3ff61fb01eff1d2409578869/jars/classes.jar
7f83fc040000-7f83fc042000 r--s 00016000 08:02 23725754                   /home/haolek/Android/Sdk/extras/m2repository/com/android/support/constraint/constraint-layout-solver/1.0.2/constraint-layout-solver-1.0.2.jar
7f83fc042000-7f83fc043000 r--s 00003000 08:02 23467932                   /home/haolek/.gradle/caches/modules-2/files-2.1/com.squareup.retrofit2/adapter-rxjava2/2.3.0/f436637f9500ab5b8bc32afe556373180894b4a5/adapter-rxjava2-2.3.0.jar
7f83fc043000-7f83fc044000 r--s 00004000 08:02 23467949                   /home/haolek/.gradle/caches/modules-2/files-2.1/com.github.bumptech.glide/disklrucache/4.3.1/9eaeaefa25c6ff18d7008f06208d41a261d8b29b/disklrucache-4.3.1.jar
7f83fc044000-7f83fc080000 r--s 0027f000 08:02 23468026                   /home/haolek/.gradle/caches/modules-2/files-2.1/net.bytebuddy/byte-buddy/1.7.4/d0e77888485e1683057f8399f916eda6049c4acf/byte-buddy-1.7.4.jar
7f83fc080000-7f83fc250000 r--s 03c46000 08:02 35260073                   /home/haolek/Downloads/Program/android-studio/jre/jre/lib/rt.jar
7f83fc250000-7f8400000000 rw-p 00000000 00:00 0 
7f8400000000-7f8400021000 rw-p 00000000 00:00 0 
7f8400021000-7f8404000000 ---p 00000000 00:00 0 
7f8404000000-7f8404002000 r--s 00003000 08:02 23467945                   /home/haolek/.gradle/caches/modules-2/files-2.1/org.jetbrains.anko/anko-appcompat-v7-commons/0.10.2/6f6b132abe1f6ad9434b51619dd796277fe1b28e/anko-appcompat-v7-commons-0.10.2.jar
7f8404002000-7f8404003000 r--s 00005000 08:02 39718176                   /home/haolek/.gradle/caches/transforms-1/files-1.1/cardview-v7-25.3.1.aar/af3554e2ede5b35db4d34e4ded5167d5/jars/classes.jar
7f8404003000-7f8404005000 r--s 00002000 08:02 23465455                   /home/haolek/.gradle/caches/modules-2/files-2.1/android.arch.lifecycle/common/1.0.0/e414a4cb28434e25c4f6aa71426eb20cf4874ae9/common-1.0.0.jar
7f8404005000-7f8404007000 r--s 00001000 08:02 23467947                   /home/haolek/.gradle/caches/modules-2/files-2.1/org.jetbrains.kotlinx/kotlinx-coroutines-android/0.15/b1fece43d4273e8941d01784d6f64c7486da1990/kotlinx-coroutines-android-0.15.jar
7f8404007000-7f840400f000 r--s 0004c000 08:02 51644919                   /home/haolek/.gradle/caches/transforms-1/files-1.1/support-media-compat-26.1.0.aar/d00119eafd3618fdbb68a21e5a7d2bb3/jars/classes.jar
7f840400f000-7f8404010000 r--s 00005000 08:02 40503041                   /home/haolek/.gradle/caches/transforms-1/files-1.1/multidex-1.0.2.aar/dfc20bb242818af348bc4f33b61c635d/jars/classes.jar
7f8404010000-7f8404011000 r--s 00001000 08:02 23467610                   /home/haolek/.gradle/caches/modules-2/files-2.1/com.squareup.retrofit2/converter-gson/2.3.0/9e09011e9767bb76b5e27c9b8223476b93b14631/converter-gson-2.3.0.jar
7f8404011000-7f8404015000 r--s 00017000 08:02 55181632                   /home/haolek/.gradle/caches/transforms-1/files-1.1/play-services-location-11.2.2.aar/90ca38a0185632a5797f969332899924/jars/classes.jar
7f8404015000-7f840401c000 r--s 0004c000 08:02 23467948                   /home/haolek/.gradle/caches/modules-2/files-2.1/org.jetbrains.kotlinx/kotlinx-coroutines-core/0.15/5f0e2a96538d4ddc421ed042799e825016875f29/kotlinx-coroutines-core-0.15.jar
7f840401c000-7f840401e000 r--s 0000c000 08:02 23467943                   /home/haolek/.gradle/caches/modules-2/files-2.1/org.jetbrains.anko/anko-support-v4/0.10.2/2bda4cd41cdb4854d0820a40e2eee3852dec47c9/anko-support-v4-0.10.2.jar
7f840401e000-7f840401f000 r--s 00008000 08:02 47975760                   /home/haolek/.gradle/caches/transforms-1/files-1.1/animated-vector-drawable-26.1.0.aar/53a251b91e0b480aad5e57f72032b351/jars/classes.jar
7f840401f000-7f8404020000 r--s 00000000 08:02 46008650                   /home/haolek/.gradle/caches/transforms-1/files-1.1/support-v4-26.1.0.aar/5e0915181e81df044020f4068064caeb/jars/classes.jar
7f8404020000-7f8404028000 r--s 00036000 08:02 55181641                   /home/haolek/.gradle/caches/transforms-1/files-1.1/play-services-maps-11.2.2.aar/87f937fe1b3871fe746dbba6fd509849/jars/classes.jar
7f8404028000-7f840402e000 r--s 0002e000 08:02 23467906                   /home/haolek/.gradle/caches/modules-2/files-2.1/org.jetbrains.anko/anko-sdk25-coroutines/0.10.2/269b6dc405c8c41a4a53f821d783ac0d8aa4d1c8/anko-sdk25-coroutines-0.10.2.jar
7f840402e000-7f840402f000 r--s 00004000 08:02 23467950                   /home/haolek/.gradle/caches/modules-2/files-2.1/com.github.bumptech.glide/gifdecoder/4.3.1/dc06b7679496073ef4505005b4c5995f522503cd/gifdecoder-4.3.1.jar
7f840402f000-7f8404035000 r--s 0005e000 08:02 23468816                   /home/haolek/.gradle/caches/modules-2/files-2.1/com.squareup.okhttp3/okhttp/3.9.1/84b4b7d1c4a238e7899972b7446c250691e65f1f/okhttp-3.9.1.jar
7f8404035000-7f8404039000 r--s 00016000 08:02 55052989                   /home/haolek/.gradle/caches/transforms-1/files-1.1/firebase-database-connection-11.2.2.aar/ce6c8a00e39f0a6a50e4f461d0f8cd41/jars/classes.jar
7f8404039000-7f840403a000 r--s 00002000 08:02 55182266                   /home/haolek/.gradle/caches/transforms-1/files-1.1/rxandroid-2.0.1.aar/82e3ef3318022ec0a42dd6ceca9dad63/jars/classes.jar
7f840403a000-7f840403b000 r--s 00002000 08:02 23467937                   /home/haolek/.gradle/caches/modules-2/files-2.1/org.jetbrains.anko/anko-recyclerview-v7/0.10.2/c9bfba98dd0f6c10a38def73e8ccd29160cf208d/anko-recyclerview-v7-0.10.2.jar
7f840403b000-7f840403e000 r--s 00014000 08:02 23467611                   /home/haolek/.gradle/caches/modules-2/files-2.1/com.squareup.retrofit2/retrofit/2.3.0/bcacde6a8ccedcc56c127403d26b76072fe6214d/retrofit-2.3.0.jar
7f840403e000-7f840403f000 r--s 00001000 08:02 55182240                   /home/haolek/.gradle/caches/transforms-1/files-1.1/expandabletextview-1.0.3.aar/a0d34ea7fe69c96215075549c04fa1a9/jars/classes.jar
7f840403f000-7f8404041000 r--s 0000c000 08:02 55182779                   /home/haolek/.gradle/caches/transforms-1/files-1.1/paho-1.1.2-release.aar/53e5c242de54cfeae41495ee61638615/jars/classes.jar
7f8404041000-7f8404042000 r--s 00003000 08:02 23467944                   /home/haolek/.gradle/caches/modules-2/files-2.1/org.jetbrains.anko/anko-support-v4-commons/0.10.2/98d0a396fcc94aad57bdc61bf1b9e92af57d124e/anko-support-v4-commons-0.10.2.jar
7f8404042000-7f8404045000 r--s 00028000 08:02 46008652                   /home/haolek/.gradle/caches/transforms-1/files-1.1/support-fragment-26.1.0.aar/47670d372b7d08d4b27bc7d3f1e7adc7/jars/classes.jar
7f8404045000-7f8404054000 r--s 00075000 08:02 23468025                   /home/haolek/.gradle/caches/modules-2/files-2.1/org.mockito/mockito-core/2.11.0/f819efbe6ef3f010382cdc1b4d33749e377e1cc4/mockito-core-2.11.0.jar
7f8404054000-7f8404055000 r--s 00001000 08:02 55182259                   /home/haolek/.gradle/caches/transforms-1/files-1.1/circleimageview-2.1.0.aar/0a4080da68a3f45b12c8e04149375bf0/jars/classes.jar
7f8404055000-7f8404057000 r--s 0000a000 08:02 23468831                   /home/haolek/.gradle/caches/modules-2/files-2.1/com.squareup.okhttp3/mockwebserver/3.9.1/1680b7c1fa0ed28679ed3001fc46fdd833defe12/mockwebserver-3.9.1.jar
7f8404057000-7f840405f000 r--s 00041000 08:02 55052700                   /home/haolek/.gradle/caches/transforms-1/files-1.1/firebase-database-11.2.2.aar/6e1c414906765cad9c64c6041cf933b7/jars/classes.jar
7f840405f000-7f8404060000 r--s 00000000 08:02 55312507                   /home/haolek/.gradle/caches/transforms-1/files-1.1/retrofit-mock-response-1.0.1.aar/59b718769698fd515f467020a5eea8e4/jars/classes.jar
7f8404060000-7f8404069000 r--s 0004a000 08:02 55181847                   /home/haolek/.gradle/caches/transforms-1/files-1.1/play-services-base-11.2.2.aar/d9b7e032524aff6f73ebb25ec579043a/jars/classes.jar
7f8404069000-7f840406a000 r--s 00000000 08:02 23467951                   /home/haolek/.gradle/caches/modules-2/files-2.1/com.github.bumptech.glide/annotations/4.3.1/a786169ed0f768a589503844726f2380bb2139c/annotations-4.3.1.jar
7f840406a000-7f840406c000 r--s 0001c000 08:02 23467905                   /home/haolek/.gradle/caches/modules-2/files-2.1/org.jetbrains.anko/anko-appcompat-v7/0.10.2/f91f6f3bb24f16fffec749a96f57426dfbace41f/anko-appcompat-v7-0.10.2.jar
7f840406c000-7f8404073000 r--s 0004c000 08:02 49550363                   /home/haolek/.gradle/caches/transforms-1/files-1.1/design-26.1.0.aar/3a277f9eedcff469a243db8e4a597486/jars/classes.jar
7f8404073000-7f8404075000 r--s 00007000 08:02 23467936                   /home/haolek/.gradle/caches/modules-2/files-2.1/org.jetbrains.anko/anko-appcompat-v7-coroutines/0.10.2/5fbf78ec3dfd3a4434d974b2d5ded967d65dd764/anko-appcompat-v7-coroutines-0.10.2.jar
7f8404075000-7f8404077000 r--s 0000f000 08:02 23467941                   /home/haolek/.gradle/caches/modules-2/files-2.1/org.jetbrains.anko/anko-design/0.10.2/d12c5b0338408385bd858ce88fb9b7f3e759a1c5/anko-design-0.10.2.jar
7f8404077000-7f8404078000 r--s 00003000 08:02 23467940                   /home/haolek/.gradle/caches/modules-2/files-2.1/org.jetbrains.anko/anko-recyclerview-v7-coroutines/0.10.2/336f54cee31c4fc46b2ebbf8355fcdff05da81aa/anko-recyclerview-v7-coroutines-0.10.2.jar
7f8404078000-7f840407a000 r--s 00007000 08:02 55182063                   /home/haolek/.gradle/caches/transforms-1/files-1.1/play-services-tasks-11.2.2.aar/750f90a708f3edbe5a52a5259abd9cfa/jars/classes.jar
7f840407a000-7f8404088000 r--s 00084000 08:02 23467934                   /home/haolek/.gradle/caches/modules-2/files-2.1/com.github.bumptech.glide/glide/4.3.1/9afb77c8712b19e421caecefe8e85e98ab327ce7/glide-4.3.1.jar
7f8404088000-7f840408a000 r--s 00009000 08:02 23468024                   /home/haolek/.gradle/caches/modules-2/files-2.1/net.bytebuddy/byte-buddy-agent/1.7.4/66286677db75148b3c2fb94e72f1c61aceb20e33/byte-buddy-agent-1.7.4.jar
7f840408a000-7f840408b000 r--s 00004000 08:02 54397734                   /home/haolek/.gradle/caches/transforms-1/files-1.1/smart-scheduler-0.0.9.aar/31084fdf2d95f8eb7a240b455d1fb19f/jars/classes.jar
7f840408b000-7f8404090000 r--s 00039000 08:02 48238271                   /home/haolek/.gradle/caches/transforms-1/files-1.1/support-core-ui-26.1.0.aar/cf4fab5476fc91627d6cf1789c1e0e34/jars/classes.jar
7f8404090000-7f8404091000 r--s 00008000 08:02 53741574                   /home/haolek/.gradle/caches/transforms-1/files-1.1/firebase-iid-11.2.2.aar/f075abdfd14a4f853a012cb40e4cd8d6/jars/classes.jar
7f8404091000-7f8404092000 r--s 00000000 08:02 23467952                   /home/haolek/.gradle/caches/modules-2/files-2.1/org.reactivestreams/reactive-streams/1.0.1/1b1c911686eb40179219466e6a59b634b9d7a748/reactive-streams-1.0.1.jar
7f8404092000-7f8404cfd000 rw-p 00000000 00:00 0 
7f8404cfd000-7f8404cfe000 ---p 00000000 00:00 0 
7f8404cfe000-7f8404dfe000 rw-p 00000000 00:00 0 
7f8404dfe000-7f8404dff000 ---p 00000000 00:00 0 
7f8404dff000-7f8404eff000 rw-p 00000000 00:00 0 
7f8404eff000-7f8404f00000 ---p 00000000 00:00 0 
7f8404f00000-7f8405000000 rw-p 00000000 00:00 0 
7f8405000000-7f8405360000 rwxp 00000000 00:00 0 
7f8405360000-7f8414000000 ---p 00000000 00:00 0 
7f8414000000-7f84148f6000 rw-p 00000000 00:00 0 
7f84148f6000-7f8418000000 ---p 00000000 00:00 0 
7f8418000000-7f8418003000 r--s 00004000 08:02 23465452                   /home/haolek/.gradle/caches/modules-2/files-2.1/com.android.support/support-annotations/26.1.0/814258103cf26a15fcc26ecce35f5b7d24b73f8/support-annotations-26.1.0.jar
7f8418003000-7f8418005000 r--s 00001000 08:02 23467613                   /home/haolek/.gradle/caches/modules-2/files-2.1/org.jetbrains.kotlin/kotlin-android-extensions-runtime/1.1.4-3/7ee9eaa2c7aadefa0152def291758026d249a32d/kotlin-android-extensions-runtime-1.1.4-3.jar
7f8418005000-7f84180bd000 rw-p 00000000 00:00 0 
7f84180bd000-7f84180be000 ---p 00000000 00:00 0 
7f84180be000-7f84181e8000 rw-p 00000000 00:00 0 
7f84181e8000-7f8418450000 ---p 00000000 00:00 0 
7f8418450000-7f841847a000 rw-p 00000000 00:00 0 
7f841847a000-7f84186e2000 ---p 00000000 00:00 0 
7f84186e2000-7f84186f7000 rw-p 00000000 00:00 0 
7f84186f7000-7f841882b000 ---p 00000000 00:00 0 
7f841882b000-7f841883a000 rw-p 00000000 00:00 0 
7f841883a000-7f8418bec000 ---p 00000000 00:00 0 
7f8418bec000-7f8418c06000 r-xp 00000000 08:02 35260135                   /home/haolek/Downloads/Program/android-studio/jre/jre/lib/amd64/libzip.so
7f8418c06000-7f8418e06000 ---p 0001a000 08:02 35260135                   /home/haolek/Downloads/Program/android-studio/jre/jre/lib/amd64/libzip.so
7f8418e06000-7f8418e07000 r--p 0001a000 08:02 35260135                   /home/haolek/Downloads/Program/android-studio/jre/jre/lib/amd64/libzip.so
7f8418e07000-7f8418e08000 rw-p 0001b000 08:02 35260135                   /home/haolek/Downloads/Program/android-studio/jre/jre/lib/amd64/libzip.so
7f8418e08000-7f8418e13000 r-xp 00000000 08:02 56758805                   /lib/x86_64-linux-gnu/libnss_files-2.23.so
7f8418e13000-7f8419012000 ---p 0000b000 08:02 56758805                   /lib/x86_64-linux-gnu/libnss_files-2.23.so
7f8419012000-7f8419013000 r--p 0000a000 08:02 56758805                   /lib/x86_64-linux-gnu/libnss_files-2.23.so
7f8419013000-7f8419014000 rw-p 0000b000 08:02 56758805                   /lib/x86_64-linux-gnu/libnss_files-2.23.so
7f8419014000-7f841901a000 rw-p 00000000 00:00 0 
7f841901a000-7f8419025000 r-xp 00000000 08:02 56758815                   /lib/x86_64-linux-gnu/libnss_nis-2.23.so
7f8419025000-7f8419224000 ---p 0000b000 08:02 56758815                   /lib/x86_64-linux-gnu/libnss_nis-2.23.so
7f8419224000-7f8419225000 r--p 0000a000 08:02 56758815                   /lib/x86_64-linux-gnu/libnss_nis-2.23.so
7f8419225000-7f8419226000 rw-p 0000b000 08:02 56758815                   /lib/x86_64-linux-gnu/libnss_nis-2.23.so
7f8419226000-7f841923c000 r-xp 00000000 08:02 56758799                   /lib/x86_64-linux-gnu/libnsl-2.23.so
7f841923c000-7f841943b000 ---p 00016000 08:02 56758799                   /lib/x86_64-linux-gnu/libnsl-2.23.so
7f841943b000-7f841943c000 r--p 00015000 08:02 56758799                   /lib/x86_64-linux-gnu/libnsl-2.23.so
7f841943c000-7f841943d000 rw-p 00016000 08:02 56758799                   /lib/x86_64-linux-gnu/libnsl-2.23.so
7f841943d000-7f841943f000 rw-p 00000000 00:00 0 
7f841943f000-7f8419447000 r-xp 00000000 08:02 56758801                   /lib/x86_64-linux-gnu/libnss_compat-2.23.so
7f8419447000-7f8419646000 ---p 00008000 08:02 56758801                   /lib/x86_64-linux-gnu/libnss_compat-2.23.so
7f8419646000-7f8419647000 r--p 00007000 08:02 56758801                   /lib/x86_64-linux-gnu/libnss_compat-2.23.so
7f8419647000-7f8419648000 rw-p 00008000 08:02 56758801                   /lib/x86_64-linux-gnu/libnss_compat-2.23.so
7f8419648000-7f8419675000 r-xp 00000000 08:02 35260115                   /home/haolek/Downloads/Program/android-studio/jre/jre/lib/amd64/libjava.so
7f8419675000-7f8419874000 ---p 0002d000 08:02 35260115                   /home/haolek/Downloads/Program/android-studio/jre/jre/lib/amd64/libjava.so
7f8419874000-7f8419875000 r--p 0002c000 08:02 35260115                   /home/haolek/Downloads/Program/android-studio/jre/jre/lib/amd64/libjava.so
7f8419875000-7f8419877000 rw-p 0002d000 08:02 35260115                   /home/haolek/Downloads/Program/android-studio/jre/jre/lib/amd64/libjava.so
7f8419877000-7f8419887000 r-xp 00000000 08:02 35260147                   /home/haolek/Downloads/Program/android-studio/jre/jre/lib/amd64/libverify.so
7f8419887000-7f8419a86000 ---p 00010000 08:02 35260147                   /home/haolek/Downloads/Program/android-studio/jre/jre/lib/amd64/libverify.so
7f8419a86000-7f8419a88000 r--p 0000f000 08:02 35260147                   /home/haolek/Downloads/Program/android-studio/jre/jre/lib/amd64/libverify.so
7f8419a88000-7f8419a89000 rw-p 00011000 08:02 35260147                   /home/haolek/Downloads/Program/android-studio/jre/jre/lib/amd64/libverify.so
7f8419a89000-7f8419a90000 r-xp 00000000 08:02 56758860                   /lib/x86_64-linux-gnu/librt-2.23.so
7f8419a90000-7f8419c8f000 ---p 00007000 08:02 56758860                   /lib/x86_64-linux-gnu/librt-2.23.so
7f8419c8f000-7f8419c90000 r--p 00006000 08:02 56758860                   /lib/x86_64-linux-gnu/librt-2.23.so
7f8419c90000-7f8419c91000 rw-p 00007000 08:02 56758860                   /lib/x86_64-linux-gnu/librt-2.23.so
7f8419c91000-7f8419d99000 r-xp 00000000 08:02 56758776                   /lib/x86_64-linux-gnu/libm-2.23.so
7f8419d99000-7f8419f98000 ---p 00108000 08:02 56758776                   /lib/x86_64-linux-gnu/libm-2.23.so
7f8419f98000-7f8419f99000 r--p 00107000 08:02 56758776                   /lib/x86_64-linux-gnu/libm-2.23.so
7f8419f99000-7f8419f9a000 rw-p 00108000 08:02 56758776                   /lib/x86_64-linux-gnu/libm-2.23.so
7f8419f9a000-7f841ab92000 r-xp 00000000 08:02 35260134                   /home/haolek/Downloads/Program/android-studio/jre/jre/lib/amd64/server/libjvm.so
7f841ab92000-7f841ad92000 ---p 00bf8000 08:02 35260134                   /home/haolek/Downloads/Program/android-studio/jre/jre/lib/amd64/server/libjvm.so
7f841ad92000-7f841ae31000 r--p 00bf8000 08:02 35260134                   /home/haolek/Downloads/Program/android-studio/jre/jre/lib/amd64/server/libjvm.so
7f841ae31000-7f841ae5a000 rw-p 00c97000 08:02 35260134                   /home/haolek/Downloads/Program/android-studio/jre/jre/lib/amd64/server/libjvm.so
7f841ae5a000-7f841ae9e000 rw-p 00000000 00:00 0 
7f841ae9e000-7f841aeb6000 r-xp 00000000 08:02 56758852                   /lib/x86_64-linux-gnu/libpthread-2.23.so
7f841aeb6000-7f841b0b5000 ---p 00018000 08:02 56758852                   /lib/x86_64-linux-gnu/libpthread-2.23.so
7f841b0b5000-7f841b0b6000 r--p 00017000 08:02 56758852                   /lib/x86_64-linux-gnu/libpthread-2.23.so
7f841b0b6000-7f841b0b7000 rw-p 00018000 08:02 56758852                   /lib/x86_64-linux-gnu/libpthread-2.23.so
7f841b0b7000-7f841b0bb000 rw-p 00000000 00:00 0 
7f841b0bb000-7f841b0be000 r-xp 00000000 08:02 56758730                   /lib/x86_64-linux-gnu/libdl-2.23.so
7f841b0be000-7f841b2bd000 ---p 00003000 08:02 56758730                   /lib/x86_64-linux-gnu/libdl-2.23.so
7f841b2bd000-7f841b2be000 r--p 00002000 08:02 56758730                   /lib/x86_64-linux-gnu/libdl-2.23.so
7f841b2be000-7f841b2bf000 rw-p 00003000 08:02 56758730                   /lib/x86_64-linux-gnu/libdl-2.23.so
7f841b2bf000-7f841b47f000 r-xp 00000000 08:02 56758706                   /lib/x86_64-linux-gnu/libc-2.23.so
7f841b47f000-7f841b67f000 ---p 001c0000 08:02 56758706                   /lib/x86_64-linux-gnu/libc-2.23.so
7f841b67f000-7f841b683000 r--p 001c0000 08:02 56758706                   /lib/x86_64-linux-gnu/libc-2.23.so
7f841b683000-7f841b685000 rw-p 001c4000 08:02 56758706                   /lib/x86_64-linux-gnu/libc-2.23.so
7f841b685000-7f841b689000 rw-p 00000000 00:00 0 
7f841b689000-7f841b69f000 r-xp 00000000 08:02 35260036                   /home/haolek/Downloads/Program/android-studio/jre/lib/amd64/jli/libjli.so
7f841b69f000-7f841b89e000 ---p 00016000 08:02 35260036                   /home/haolek/Downloads/Program/android-studio/jre/lib/amd64/jli/libjli.so
7f841b89e000-7f841b89f000 r--p 00015000 08:02 35260036                   /home/haolek/Downloads/Program/android-studio/jre/lib/amd64/jli/libjli.so
7f841b89f000-7f841b8a0000 rw-p 00016000 08:02 35260036                   /home/haolek/Downloads/Program/android-studio/jre/lib/amd64/jli/libjli.so
7f841b8a0000-7f841b8c6000 r-xp 00000000 08:02 56758678                   /lib/x86_64-linux-gnu/ld-2.23.so
7f841b8c6000-7f841b8d1000 r--s 000a1000 08:02 46139623                   /home/haolek/.gradle/caches/transforms-1/files-1.1/appcompat-v7-26.1.0.aar/2752264cc36dc281da34caefbdf7ff4b/jars/classes.jar
7f841b8d1000-7f841b8d3000 r--s 00003000 08:02 54922997                   /home/haolek/.gradle/caches/transforms-1/files-1.1/play-services-iid-11.2.2.aar/502fb60c6c8ce5764ae343cac61c05ac/jars/classes.jar
7f841b8d3000-7f841b8d4000 r--s 00002000 08:02 55182884                   /home/haolek/.gradle/caches/transforms-1/files-1.1/runtime-1.0.0.aar/089f700ba1aa5b7ecaab4ddb93beb20e/jars/classes.jar
7f841b8d4000-7f841b8da000 r--s 00045000 08:02 23468832                   /home/haolek/.gradle/caches/modules-2/files-2.1/org.hamcrest/hamcrest-all/1.3/63a21ebc981131004ad02e0434e799fd7f3a8d5a/hamcrest-all-1.3.jar
7f841b8da000-7f841b9a5000 rw-p 00000000 00:00 0 
7f841b9a5000-7f841b9a8000 ---p 00000000 00:00 0 
7f841b9a8000-7f841baaa000 rw-p 00000000 00:00 0 
7f841baaa000-7f841baaf000 r--s 00034000 08:02 23467615                   /home/haolek/.gradle/caches/modules-2/files-2.1/com.google.code.gson/gson/2.8.1/2a8e0aa38a2e21cb39e2f5a7d6704cbdc941da0/gson-2.8.1.jar
7f841baaf000-7f841bab0000 r--s 00000000 08:02 23467612                   /home/haolek/.gradle/caches/modules-2/files-2.1/org.jetbrains.kotlin/kotlin-stdlib-jre7/1.1.4-3/e8c9cbfa33a3015fcc7581fe6a60a355bf7cd92c/kotlin-stdlib-jre7-1.1.4-3.jar
7f841bab0000-7f841bab5000 r--s 00055000 08:02 45351650                   /home/haolek/.gradle/caches/transforms-1/files-1.1/recyclerview-v7-26.1.0.aar/4b48585041ac266ce19fdd67c3e789a9/jars/classes.jar
7f841bab5000-7f841bab7000 r--s 00020000 08:02 35783497                   /home/haolek/Downloads/Program/android-studio/plugins/junit/lib/junit-rt.jar
7f841bab7000-7f841bab9000 r--s 0001a000 08:02 35259700                   /home/haolek/Downloads/Program/android-studio/lib/idea_rt.jar
7f841bab9000-7f841bac1000 rw-s 00000000 08:02 23468217                   /tmp/hsperfdata_haolek/30473
7f841bac1000-7f841bac2000 rw-p 00000000 00:00 0 
7f841bac2000-7f841bac3000 r--p 00000000 00:00 0 
7f841bac3000-7f841bac5000 rw-p 00000000 00:00 0 
7f841bac5000-7f841bac6000 r--p 00025000 08:02 56758678                   /lib/x86_64-linux-gnu/ld-2.23.so
7f841bac6000-7f841bac7000 rw-p 00026000 08:02 56758678                   /lib/x86_64-linux-gnu/ld-2.23.so
7f841bac7000-7f841bac8000 rw-p 00000000 00:00 0 
7fffb1275000-7fffb129a000 rw-p 00000000 00:00 0                          [stack]
7fffb13b7000-7fffb13b9000 r--p 00000000 00:00 0                          [vvar]
7fffb13b9000-7fffb13bb000 r-xp 00000000 00:00 0                          [vdso]
ffffffffff600000-ffffffffff601000 r-xp 00000000 00:00 0                  [vsyscall]

VM Arguments:
jvm_args: -Didea.test.cyclic.buffer.size=1048576 -Didea.launcher.port=40227 -Didea.launcher.bin.path=/home/haolek/Downloads/Program/android-studio/bin -Dfile.encoding=UTF-8 
java_command: com.intellij.rt.execution.application.AppMainV2 com.intellij.rt.execution.junit.JUnitStarter -ideVersion5 vn.asiantech.way.api.GetUserInfoTest,Given mock response - When request getUserInfo - Then return user object
java_class_path (initial): /home/haolek/Downloads/Program/android-studio/lib/idea_rt.jar:/home/haolek/Downloads/Program/android-studio/plugins/junit/lib/junit-rt.jar:/home/haolek/Android/Sdk/platforms/android-26/data/res:/home/haolek/Documents/project-way/app/build/intermediates/classes/debug:/home/haolek/.gradle/caches/transforms-1/files-1.1/recyclerview-v7-26.1.0.aar/4b48585041ac266ce19fdd67c3e789a9/jars/classes.jar:/home/haolek/.gradle/caches/transforms-1/files-1.1/recyclerview-v7-26.1.0.aar/4b48585041ac266ce19fdd67c3e789a9/res:/home/haolek/.gradle/caches/modules-2/files-2.1/org.jetbrains.kotlin/kotlin-stdlib-jre7/1.1.4-3/e8c9cbfa33a3015fcc7581fe6a60a355bf7cd92c/kotlin-stdlib-jre7-1.1.4-3.jar:/home/haolek/.gradle/caches/modules-2/files-2.1/org.hamcrest/hamcrest-all/1.3/63a21ebc981131004ad02e0434e799fd7f3a8d5a/hamcrest-all-1.3.jar:/home/haolek/.gradle/caches/modules-2/files-2.1/com.google.code.gson/gson/2.8.1/2a8e0aa38a2e21cb39e2f5a7d6704cbdc941da0/gson-2.8.1.jar:/home/haolek/.gradle/caches/transforms-1/files-1.1/runtime-1.0.0.aar/089f700ba1aa5b7ecaab4ddb93beb20e/jars/classes.jar:/home/haolek/.gradle/caches/transforms-1/files-1.1/play-services-iid-11.2.2.aar/502fb60c6c8ce5764ae343cac61c05ac/jars/classes.jar:/home/haolek/.gradle/caches/transforms-1/files-1.1/appcompat-v7-26.1.0.aar/2752264cc36dc281da34caefbdf7ff4b/res:/home/haolek/.gradle/caches/transforms-1/files-1.1/appcompat-v7-26.1.0.aar/2752264cc36dc281da34caefbdf7ff4b/jars/classes.jar:/home/haolek/.gradle/caches/modules-2/files-2.1/org.jetbrains.kotlin/kotlin-android-extensions-runtime/1.1.4-3/7ee9eaa2c7aadefa0152def291758026d249a32d/kotlin-android-extensions-runtime-1.1.4-3.jar:/home/haolek/.gradle/caches/modules-2/files-2.1/com.android.support/support-annotations/26.1.0/814258103cf26a15fcc26ecce35f5b7d24b73f8/support-annotations-26.1.0.jar:/home/haolek/.gradle/caches/modules-2/files-2.1/org.reactivestreams/reactive-streams/1.0.1/1b1c911686eb40179219466e6a59b634b9d7a748/reactive-streams-1.0.1.jar:/home/hao
Launcher Type: SUN_STANDARD

Environment Variables:
JAVA_HOME=/usr/lib/jvm/java-8-oracle
PATH=/home/haolek/bin:/home/haolek/.local/bin:/usr/local/sbin:/usr/local/bin:/usr/sbin:/usr/bin:/sbin:/bin:/usr/games:/usr/local/games:/snap/bin:/usr/lib/jvm/java-8-oracle/bin:/usr/lib/jvm/java-8-oracle/db/bin:/usr/lib/jvm/java-8-oracle/jre/bin
LD_LIBRARY_PATH=/home/haolek/Downloads/Program/android-studio/bin:
SHELL=/bin/bash
DISPLAY=:0

Signal Handlers:
SIGSEGV: [libjvm.so+0x9ebc60], sa_mask[0]=11111111011111111101111111111110, sa_flags=SA_RESTART|SA_SIGINFO
SIGBUS: [libjvm.so+0x9ebc60], sa_mask[0]=11111111011111111101111111111110, sa_flags=SA_RESTART|SA_SIGINFO
SIGFPE: [libjvm.so+0x84cf60], sa_mask[0]=11111111011111111101111111111110, sa_flags=SA_RESTART|SA_SIGINFO
SIGPIPE: [libjvm.so+0x84cf60], sa_mask[0]=11111111011111111101111111111110, sa_flags=SA_RESTART|SA_SIGINFO
SIGXFSZ: [libjvm.so+0x84cf60], sa_mask[0]=11111111011111111101111111111110, sa_flags=SA_RESTART|SA_SIGINFO
SIGILL: [libjvm.so+0x84cf60], sa_mask[0]=11111111011111111101111111111110, sa_flags=SA_RESTART|SA_SIGINFO
SIGUSR1: SIG_DFL, sa_mask[0]=00000000000000000000000000000000, sa_flags=none
SIGUSR2: [libjvm.so+0x84ce30], sa_mask[0]=00100000000000000000000000000000, sa_flags=SA_RESTART|SA_SIGINFO
SIGHUP: [libjvm.so+0x84d020], sa_mask[0]=11111111011111111101111111111110, sa_flags=SA_RESTART|SA_SIGINFO
SIGINT: [libjvm.so+0x84d020], sa_mask[0]=11111111011111111101111111111110, sa_flags=SA_RESTART|SA_SIGINFO
SIGTERM: [libjvm.so+0x84d020], sa_mask[0]=11111111011111111101111111111110, sa_flags=SA_RESTART|SA_SIGINFO
SIGQUIT: [libjvm.so+0x84d020], sa_mask[0]=11111111011111111101111111111110, sa_flags=SA_RESTART|SA_SIGINFO


---------------  S Y S T E M  ---------------

OS:DISTRIB_ID=Ubuntu
DISTRIB_RELEASE=16.04
DISTRIB_CODENAME=xenial
DISTRIB_DESCRIPTION="Ubuntu 16.04.3 LTS"

uname:Linux 4.10.0-42-generic #46~16.04.1-Ubuntu SMP Mon Dec 4 15:57:59 UTC 2017 x86_64
libc:glibc 2.23 NPTL 2.23 
rlimit: STACK 8192k, CORE 0k, NPROC 31402, NOFILE 1048576, AS infinity
load average:1,62 1,28 1,28

/proc/meminfo:
MemTotal:        8083448 kB
MemFree:          835208 kB
MemAvailable:    1194764 kB
Buffers:           40896 kB
Cached:           973392 kB
SwapCached:       124976 kB
Active:          5811604 kB
Inactive:        1101384 kB
Active(anon):    5477468 kB
Inactive(anon):   895016 kB
Active(file):     334136 kB
Inactive(file):   206368 kB
Unevictable:         560 kB
Mlocked:             560 kB
SwapTotal:       7811068 kB
SwapFree:        6696200 kB
Dirty:              4996 kB
Writeback:             0 kB
AnonPages:       5866264 kB
Mapped:           553440 kB
Shmem:            473528 kB
Slab:             140152 kB
SReclaimable:      78764 kB
SUnreclaim:        61388 kB
KernelStack:       18716 kB
PageTables:        83916 kB
NFS_Unstable:          0 kB
Bounce:                0 kB
WritebackTmp:          0 kB
CommitLimit:    11852792 kB
Committed_AS:   17574860 kB
VmallocTotal:   34359738367 kB
VmallocUsed:           0 kB
VmallocChunk:          0 kB
HardwareCorrupted:     0 kB
AnonHugePages:   2539520 kB
ShmemHugePages:        0 kB
ShmemPmdMapped:        0 kB
CmaTotal:              0 kB
CmaFree:               0 kB
HugePages_Total:       0
HugePages_Free:        0
HugePages_Rsvd:        0
HugePages_Surp:        0
Hugepagesize:       2048 kB
DirectMap4k:      266516 kB
DirectMap2M:     8032256 kB
DirectMap1G:           0 kB


CPU:total 4 (initial active 4) (2 cores per cpu, 2 threads per core) family 6 model 61 stepping 4, cmov, cx8, fxsr, mmx, sse, sse2, sse3, ssse3, sse4.1, sse4.2, popcnt, avx, avx2, aes, clmul, erms, 3dnowpref, lzcnt, ht, tsc, tscinvbit, bmi1, bmi2, adx

/proc/cpuinfo:
processor	: 0
vendor_id	: GenuineIntel
cpu family	: 6
model		: 61
model name	: Intel(R) Core(TM) i7-5500U CPU @ 2.40GHz
stepping	: 4
microcode	: 0x19
cpu MHz		: 1757.666
cache size	: 4096 KB
physical id	: 0
siblings	: 4
core id		: 0
cpu cores	: 2
apicid		: 0
initial apicid	: 0
fpu		: yes
fpu_exception	: yes
cpuid level	: 20
wp		: yes
flags		: fpu vme de pse tsc msr pae mce cx8 apic sep mtrr pge mca cmov pat pse36 clflush dts acpi mmx fxsr sse sse2 ss ht tm pbe syscall nx pdpe1gb rdtscp lm constant_tsc arch_perfmon pebs bts rep_good nopl xtopology nonstop_tsc aperfmperf pni pclmulqdq dtes64 monitor ds_cpl vmx est tm2 ssse3 sdbg fma cx16 xtpr pdcm pcid sse4_1 sse4_2 x2apic movbe popcnt tsc_deadline_timer aes xsave avx f16c rdrand lahf_lm abm 3dnowprefetch epb intel_pt tpr_shadow vnmi flexpriority ept vpid fsgsbase tsc_adjust bmi1 avx2 smep bmi2 erms invpcid rdseed adx smap xsaveopt dtherm ida arat pln pts
bugs		:
bogomips	: 4789.14
clflush size	: 64
cache_alignment	: 64
address sizes	: 39 bits physical, 48 bits virtual
power management:

processor	: 1
vendor_id	: GenuineIntel
cpu family	: 6
model		: 61
model name	: Intel(R) Core(TM) i7-5500U CPU @ 2.40GHz
stepping	: 4
microcode	: 0x19
cpu MHz		: 1447.265
cache size	: 4096 KB
physical id	: 0
siblings	: 4
core id		: 1
cpu cores	: 2
apicid		: 2
initial apicid	: 2
fpu		: yes
fpu_exception	: yes
cpuid level	: 20
wp		: yes
flags		: fpu vme de pse tsc msr pae mce cx8 apic sep mtrr pge mca cmov pat pse36 clflush dts acpi mmx fxsr sse sse2 ss ht tm pbe syscall nx pdpe1gb rdtscp lm constant_tsc arch_perfmon pebs bts rep_good nopl xtopology nonstop_tsc aperfmperf pni pclmulqdq dtes64 monitor ds_cpl vmx est tm2 ssse3 sdbg fma cx16 xtpr pdcm pcid sse4_1 sse4_2 x2apic movbe popcnt tsc_deadline_timer aes xsave avx f16c rdrand lahf_lm abm 3dnowprefetch epb intel_pt tpr_shadow vnmi flexpriority ept vpid fsgsbase tsc_adjust bmi1 avx2 smep bmi2 erms invpcid rdseed adx smap xsaveopt dtherm ida arat pln pts
bugs		:
bogomips	: 4789.14
clflush size	: 64
cache_alignment	: 64
address sizes	: 39 bits physical, 48 bits virtual
power management:

processor	: 2
vendor_id	: GenuineIntel
cpu family	: 6
model		: 61
model name	: Intel(R) Core(TM) i7-5500U CPU @ 2.40GHz
stepping	: 4
microcode	: 0x19
cpu MHz		: 1853.027
cache size	: 4096 KB
physical id	: 0
siblings	: 4
core id		: 0
cpu cores	: 2
apicid		: 1
initial apicid	: 1
fpu		: yes
fpu_exception	: yes
cpuid level	: 20
wp		: yes
flags		: fpu vme de pse tsc msr pae mce cx8 apic sep mtrr pge mca cmov pat pse36 clflush dts acpi mmx fxsr sse sse2 ss ht tm pbe syscall nx pdpe1gb rdtscp lm constant_tsc arch_perfmon pebs bts rep_good nopl xtopology nonstop_tsc aperfmperf pni pclmulqdq dtes64 monitor ds_cpl vmx est tm2 ssse3 sdbg fma cx16 xtpr pdcm pcid sse4_1 sse4_2 x2apic movbe popcnt tsc_deadline_timer aes xsave avx f16c rdrand lahf_lm abm 3dnowprefetch epb intel_pt tpr_shadow vnmi flexpriority ept vpid fsgsbase tsc_adjust bmi1 avx2 smep bmi2 erms invpcid rdseed adx smap xsaveopt dtherm ida arat pln pts
bugs		:
bogomips	: 4789.14
clflush size	: 64
cache_alignment	: 64
address sizes	: 39 bits physical, 48 bits virtual
power management:

processor	: 3
vendor_id	: GenuineIntel
cpu family	: 6
model		: 61
model name	: Intel(R) Core(TM) i7-5500U CPU @ 2.40GHz
stepping	: 4
microcode	: 0x19
cpu MHz		: 1399.365
cache size	: 4096 KB
physical id	: 0
siblings	: 4
core id		: 1
cpu cores	: 2
apicid		: 3
initial apicid	: 3
fpu		: yes
fpu_exception	: yes
cpuid level	: 20
wp		: yes
flags		: fpu vme de pse tsc msr pae mce cx8 apic sep mtrr pge mca cmov pat pse36 clflush dts acpi mmx fxsr sse sse2 ss ht tm pbe syscall nx pdpe1gb rdtscp lm constant_tsc arch_perfmon pebs bts rep_good nopl xtopology nonstop_tsc aperfmperf pni pclmulqdq dtes64 monitor ds_cpl vmx est tm2 ssse3 sdbg fma cx16 xtpr pdcm pcid sse4_1 sse4_2 x2apic movbe popcnt tsc_deadline_timer aes xsave avx f16c rdrand lahf_lm abm 3dnowprefetch epb intel_pt tpr_shadow vnmi flexpriority ept vpid fsgsbase tsc_adjust bmi1 avx2 smep bmi2 erms invpcid rdseed adx smap xsaveopt dtherm ida arat pln pts
bugs		:
bogomips	: 4789.14
clflush size	: 64
cache_alignment	: 64
address sizes	: 39 bits physical, 48 bits virtual
power management:



Memory: 4k page, physical 8083448k(835208k free), swap 7811068k(6696200k free)

vm_info: OpenJDK 64-Bit Server VM (25.152-b01) for linux-amd64 JRE (1.8.0_152-release-915-b01), built by "builder" with gcc 4.8.4

time: Mon Dec 18 16:28:08 2017
elapsed time: 1 seconds (0d 0h 0m 1s)

